Writing file: ../dataProcess/data/woolworthsLinks.csv (old scraper)
Find link time, 1214.364
Process link time, 0.012
Save link time, 0.004
Total CSV generation time, 1214.38
Number of links, 1211
Time per link, 1.003

Writing file: ../dataProcess/data/colesLinks.csv
Find link time, 355.873
Process link time, 0.037
Save link time, 0.004
Total CSV generation time, 355.915
Number of links, 2712
Time per link, 0.131

Writing file: ../dataProcess/data/woolworthsLinks.csv
Find link time, 239.827
Process link time, 0.016
Save link time, 0.002
Total CSV generation time, 239.846
Number of links, 1160
Time per link, 0.207

